-------------------------------------------------------------------------------
Test set: com.soft.dao.EshopDAOImplTest
-------------------------------------------------------------------------------
Tests run: 2, Failures: 1, Errors: 0, Skipped: 0, Time elapsed: 3.519 sec <<< FAILURE! - in com.soft.dao.EshopDAOImplTest
readLocaleMessageByKeyTest  Time elapsed: 0.042 sec  <<< FAILURE!
org.opentest4j.AssertionFailedError: TEST FAILURE FOR CLASS "EshopDAOImpl": Method "readLocaleMessageByKey()" fails. ==> expected: <false> but was: <true>
	at com.soft.dao.EshopDAOImplTest.readLocaleMessageByKeyTest(EshopDAOImplTest.java:95)

