-------------------------------------------------------------------------------
Test set: com.soft.dao.EshopDAOImplTest
-------------------------------------------------------------------------------
Tests run: 1, Failures: 1, Errors: 0, Skipped: 0, Time elapsed: 3.461 sec <<< FAILURE! - in com.soft.dao.EshopDAOImplTest
getTableSizeByTableNameTest  Time elapsed: 0.486 sec  <<< FAILURE!
org.opentest4j.AssertionFailedError: TEST FAILURE FOR CLASS "EshopDAOImpl": Method "getTableSizeByTableName(LocaleMessageEntity)" returned "size" = 0 ==> expected: <2> but was: <0>
	at com.soft.dao.EshopDAOImplTest.getTableSizeByTableNameTest(EshopDAOImplTest.java:120)

