<?xml version="1.0" encoding="UTF-8"?>
<testsuite xmlns:xsi="http://www.w3.org/2001/XMLSchema-instance" xsi:schemaLocation="https://maven.apache.org/surefire/maven-surefire-plugin/xsd/surefire-test-report.xsd" name="com.soft.controller.EshopControllerTest" time="0.068" tests="1" errors="1" skipped="0" failures="0">
  <properties>
[...]
</properties>
  <testcase name="renderHomePageTest" classname="com.soft.controller.EshopControllerTest" time="0.014">
    <error message="Failed to load ApplicationContext" type="java.lang.IllegalStateException">java.lang.IllegalStateException: Failed to load ApplicationContext
Caused by: org.springframework.beans.factory.UnsatisfiedDependencyException: Error creating bean with name 'eshopController': Unsatisfied dependency expressed through field 'eshopDaoImpl'; nested exception is org.springframework.beans.factory.NoSuchBeanDefinitionException: No qualifying bean of type 'com.soft.dao.EshopDAOImpl' available: expected at least 1 bean which qualifies as autowire candidate. Dependency annotations: {@org.springframework.beans.factory.annotation.Autowired(required=true)}
Caused by: org.springframework.beans.factory.NoSuchBeanDefinitionException: No qualifying bean of type 'com.soft.dao.EshopDAOImpl' available: expected at least 1 bean which qualifies as autowire candidate. Dependency annotations: {@org.springframework.beans.factory.annotation.Autowired(required=true)}
</error>
    <system-out><![CDATA[15:19:15.637 [main] TRACE org.springframework.test.context.TestContextManager - afterTestClass(): class [com.soft.dao.EshopDAOImplTest]
15:19:15.637 [main] DEBUG org.springframework.test.context.cache.DefaultCacheAwareContextLoaderDelegate - Retrieved ApplicationContext [1880078449] from cache with key [[WebMergedContextConfiguration@821330f testClass = EshopDAOImplTest, locations = '{}', classes = '{class com.soft.config.AppConfig, class com.soft.config.DataAccessConfig}', contextInitializerClasses = '[]', activeProfiles = '{development}', propertySourceLocations = '{}', propertySourceProperties = '{}', contextCustomizers = set[[empty]], resourceBasePath = 'src/main/webapp', contextLoader = 'org.springframework.test.context.web.WebDelegatingSmartContextLoader', parent = [null]]]
15:19:15.637 [main] DEBUG org.springframework.test.context.cache - Spring test ApplicationContext cache statistics: [DefaultContextCache@3c232051 size = 1, maxSize = 32, parentContextCount = 0, hitCount = 35, missCount = 1]
15:19:15.637 [main] TRACE org.springframework.web.context.support.GenericWebApplicationContext - Publishing event in org.springframework.web.context.support.GenericWebApplicationContext@700fb871: org.springframework.test.context.event.AfterTestClassEvent[source=[DefaultTestContext@1b1cfb87 testClass = EshopDAOImplTest, testInstance = [null], testMethod = [null], testException = [null], mergedContextConfiguration = [WebMergedContextConfiguration@821330f testClass = EshopDAOImplTest, locations = '{}', classes = '{class com.soft.config.AppConfig, class com.soft.config.DataAccessConfig}', contextInitializerClasses = '[]', activeProfiles = '{development}', propertySourceLocations = '{}', propertySourceProperties = '{}', contextCustomizers = set[[empty]], resourceBasePath = 'src/main/webapp', contextLoader = 'org.springframework.test.context.web.WebDelegatingSmartContextLoader', parent = [null]], attributes = map['org.springframework.test.context.support.DependencyInjectionTestExecutionListener.reinjectDependencies' -> true]]]
15:19:15.637 [main] DEBUG org.springframework.test.context.support.AbstractDirtiesContextTestExecutionListener - After test class: context [DefaultTestContext@1b1cfb87 testClass = EshopDAOImplTest, testInstance = [null], testMethod = [null], testException = [null], mergedContextConfiguration = [WebMergedContextConfiguration@821330f testClass = EshopDAOImplTest, locations = '{}', classes = '{class com.soft.config.AppConfig, class com.soft.config.DataAccessConfig}', contextInitializerClasses = '[]', activeProfiles = '{development}', propertySourceLocations = '{}', propertySourceProperties = '{}', contextCustomizers = set[[empty]], resourceBasePath = 'src/main/webapp', contextLoader = 'org.springframework.test.context.web.WebDelegatingSmartContextLoader', parent = [null]], attributes = map['org.springframework.test.context.support.DependencyInjectionTestExecutionListener.reinjectDependencies' -> true]], class annotated with @DirtiesContext [false] with mode [null].
15:19:15.649 [main] DEBUG org.springframework.test.context.BootstrapUtils - Instantiating CacheAwareContextLoaderDelegate from class [org.springframework.test.context.cache.DefaultCacheAwareContextLoaderDelegate]
15:19:15.649 [main] DEBUG org.springframework.test.context.BootstrapUtils - Instantiating BootstrapContext using constructor [public org.springframework.test.context.support.DefaultBootstrapContext(java.lang.Class,org.springframework.test.context.CacheAwareContextLoaderDelegate)]
15:19:15.649 [main] DEBUG org.springframework.test.context.BootstrapUtils - Instantiating TestContextBootstrapper for test class [com.soft.controller.EshopControllerTest] from class [org.springframework.test.context.web.WebTestContextBootstrapper]
15:19:15.649 [main] TRACE org.springframework.test.context.support.ContextLoaderUtils - Retrieved @ContextConfiguration [@org.springframework.test.context.ContextConfiguration(classes=[com.soft.configuration.TestConfig], inheritInitializers=true, inheritLocations=true, initializers=[], loader=org.springframework.test.context.ContextLoader, locations=[], name=, value=[])] for declaring class [com.soft.controller.EshopControllerTest].
15:19:15.650 [main] TRACE org.springframework.test.context.support.ContextLoaderUtils - Resolved context configuration attributes: [ContextConfigurationAttributes@55296b50 declaringClass = 'com.soft.controller.EshopControllerTest', classes = '{class com.soft.configuration.TestConfig}', locations = '{}', inheritLocations = true, initializers = '{}', inheritInitializers = true, name = [null], contextLoaderClass = 'org.springframework.test.context.ContextLoader']
15:19:15.650 [main] TRACE org.springframework.test.context.web.WebTestContextBootstrapper - Resolving ContextLoader for context configuration attributes [ContextConfigurationAttributes@55296b50 declaringClass = 'com.soft.controller.EshopControllerTest', classes = '{class com.soft.configuration.TestConfig}', locations = '{}', inheritLocations = true, initializers = '{}', inheritInitializers = true, name = [null], contextLoaderClass = 'org.springframework.test.context.ContextLoader']
15:19:15.650 [main] TRACE org.springframework.test.context.web.WebTestContextBootstrapper - Using ContextLoader class [org.springframework.test.context.web.WebDelegatingSmartContextLoader] for test class [com.soft.controller.EshopControllerTest]
15:19:15.650 [main] TRACE org.springframework.test.context.web.WebTestContextBootstrapper - Processing locations and classes for context configuration attributes [ContextConfigurationAttributes@55296b50 declaringClass = 'com.soft.controller.EshopControllerTest', classes = '{class com.soft.configuration.TestConfig}', locations = '{}', inheritLocations = true, initializers = '{}', inheritInitializers = true, name = [null], contextLoaderClass = 'org.springframework.test.context.ContextLoader']
15:19:15.650 [main] DEBUG org.springframework.test.context.support.AbstractDelegatingSmartContextLoader - Delegating to AnnotationConfigWebContextLoader to process context configuration [ContextConfigurationAttributes@55296b50 declaringClass = 'com.soft.controller.EshopControllerTest', classes = '{class com.soft.configuration.TestConfig}', locations = '{}', inheritLocations = true, initializers = '{}', inheritInitializers = true, name = [null], contextLoaderClass = 'org.springframework.test.context.ContextLoader'].
15:19:15.650 [main] TRACE org.springframework.core.io.support.SpringFactoriesLoader - Loaded [org.springframework.test.context.ContextCustomizerFactory] names: [org.springframework.test.context.web.socket.MockServerContainerContextCustomizerFactory]
15:19:15.650 [main] TRACE org.springframework.test.context.support.ApplicationContextInitializerUtils - Processing context initializers for configuration attributes [ContextConfigurationAttributes@55296b50 declaringClass = 'com.soft.controller.EshopControllerTest', classes = '{class com.soft.configuration.TestConfig}', locations = '{}', inheritLocations = true, initializers = '{}', inheritInitializers = true, name = [null], contextLoaderClass = 'org.springframework.test.context.ContextLoader']
15:19:15.650 [main] DEBUG org.springframework.test.context.support.ActiveProfilesUtils - Could not find an 'annotation declaring class' for annotation type [org.springframework.test.context.ActiveProfiles] and class [com.soft.controller.EshopControllerTest]
15:19:15.650 [main] DEBUG org.springframework.test.context.web.WebTestContextBootstrapper - @TestExecutionListeners is not present for class [com.soft.controller.EshopControllerTest]: using defaults.
15:19:15.650 [main] INFO  org.springframework.test.context.web.WebTestContextBootstrapper - Loaded default TestExecutionListener class names from location [META-INF/spring.factories]: [org.springframework.test.context.web.ServletTestExecutionListener, org.springframework.test.context.support.DirtiesContextBeforeModesTestExecutionListener, org.springframework.test.context.support.DependencyInjectionTestExecutionListener, org.springframework.test.context.support.DirtiesContextTestExecutionListener, org.springframework.test.context.transaction.TransactionalTestExecutionListener, org.springframework.test.context.jdbc.SqlScriptsTestExecutionListener, org.springframework.test.context.event.EventPublishingTestExecutionListener]
15:19:15.650 [main] INFO  org.springframework.test.context.web.WebTestContextBootstrapper - Using TestExecutionListeners: [org.springframework.test.context.web.ServletTestExecutionListener@60591e1b, org.springframework.test.context.support.DirtiesContextBeforeModesTestExecutionListener@29c53c4f, org.springframework.test.context.support.DependencyInjectionTestExecutionListener@3009eed7, org.springframework.test.context.support.DirtiesContextTestExecutionListener@2ee4706d, org.springframework.test.context.transaction.TransactionalTestExecutionListener@6650a6c, org.springframework.test.context.jdbc.SqlScriptsTestExecutionListener@64279ab, org.springframework.test.context.event.EventPublishingTestExecutionListener@794240e2]
15:19:15.650 [main] TRACE org.springframework.test.context.TestContextManager - Registering TestExecutionListener: org.springframework.test.context.web.ServletTestExecutionListener@60591e1b
15:19:15.650 [main] TRACE org.springframework.test.context.TestContextManager - Registering TestExecutionListener: org.springframework.test.context.support.DirtiesContextBeforeModesTestExecutionListener@29c53c4f
15:19:15.650 [main] TRACE org.springframework.test.context.TestContextManager - Registering TestExecutionListener: org.springframework.test.context.support.DependencyInjectionTestExecutionListener@3009eed7
15:19:15.650 [main] TRACE org.springframework.test.context.TestContextManager - Registering TestExecutionListener: org.springframework.test.context.support.DirtiesContextTestExecutionListener@2ee4706d
15:19:15.650 [main] TRACE org.springframework.test.context.TestContextManager - Registering TestExecutionListener: org.springframework.test.context.transaction.TransactionalTestExecutionListener@6650a6c
15:19:15.650 [main] TRACE org.springframework.test.context.TestContextManager - Registering TestExecutionListener: org.springframework.test.context.jdbc.SqlScriptsTestExecutionListener@64279ab
15:19:15.650 [main] TRACE org.springframework.test.context.TestContextManager - Registering TestExecutionListener: org.springframework.test.context.event.EventPublishingTestExecutionListener@794240e2
15:19:15.650 [main] TRACE org.springframework.test.context.TestContextManager - beforeTestClass(): class [com.soft.controller.EshopControllerTest]
15:19:15.650 [main] DEBUG org.springframework.test.context.support.AbstractDirtiesContextTestExecutionListener - Before test class: context [DefaultTestContext@74a820bf testClass = EshopControllerTest, testInstance = [null], testMethod = [null], testException = [null], mergedContextConfiguration = [WebMergedContextConfiguration@5a30722c testClass = EshopControllerTest, locations = '{}', classes = '{class com.soft.configuration.TestConfig}', contextInitializerClasses = '[]', activeProfiles = '{}', propertySourceLocations = '{}', propertySourceProperties = '{}', contextCustomizers = set[[empty]], resourceBasePath = 'src/main/webapp', contextLoader = 'org.springframework.test.context.web.WebDelegatingSmartContextLoader', parent = [null]], attributes = map[[empty]]], class annotated with @DirtiesContext [false] with mode [null].
15:19:15.651 [main] TRACE org.springframework.test.context.TestContextManager - prepareTestInstance(): instance [com.soft.controller.EshopControllerTest@4f2ac7e0]
15:19:15.651 [main] DEBUG org.springframework.test.context.support.AbstractDelegatingSmartContextLoader - Delegating to AnnotationConfigWebContextLoader to load context from [WebMergedContextConfiguration@5a30722c testClass = EshopControllerTest, locations = '{}', classes = '{class com.soft.configuration.TestConfig}', contextInitializerClasses = '[]', activeProfiles = '{}', propertySourceLocations = '{}', propertySourceProperties = '{}', contextCustomizers = set[[empty]], resourceBasePath = 'src/main/webapp', contextLoader = 'org.springframework.test.context.web.WebDelegatingSmartContextLoader', parent = [null]].
15:19:15.651 [main] DEBUG org.springframework.test.context.web.AbstractGenericWebContextLoader - Loading WebApplicationContext for merged context configuration [WebMergedContextConfiguration@5a30722c testClass = EshopControllerTest, locations = '{}', classes = '{class com.soft.configuration.TestConfig}', contextInitializerClasses = '[]', activeProfiles = '{}', propertySourceLocations = '{}', propertySourceProperties = '{}', contextCustomizers = set[[empty]], resourceBasePath = 'src/main/webapp', contextLoader = 'org.springframework.test.context.web.WebDelegatingSmartContextLoader', parent = [null]].
15:19:15.651 [main] DEBUG org.springframework.web.context.support.StandardServletEnvironment - Activating profiles []
15:19:15.651 [main] DEBUG org.springframework.test.context.web.AnnotationConfigWebContextLoader - Registering annotated classes: {class com.soft.configuration.TestConfig}
15:19:15.652 [main] INFO  org.springframework.web.context.support.GenericWebApplicationContext - Refreshing org.springframework.web.context.support.GenericWebApplicationContext@2484dbb7: startup date [Thu Mar 05 15:19:15 MSK 2020]; root of context hierarchy
15:19:15.652 [main] DEBUG org.springframework.web.context.support.GenericWebApplicationContext - Bean factory for org.springframework.web.context.support.GenericWebApplicationContext@2484dbb7: org.springframework.beans.factory.support.DefaultListableBeanFactory@111cba40: defining beans [org.springframework.context.annotation.internalConfigurationAnnotationProcessor,org.springframework.context.annotation.internalAutowiredAnnotationProcessor,org.springframework.context.annotation.internalRequiredAnnotationProcessor,org.springframework.context.annotation.internalCommonAnnotationProcessor,org.springframework.context.annotation.internalPersistenceAnnotationProcessor,org.springframework.context.event.internalEventListenerProcessor,org.springframework.context.event.internalEventListenerFactory,testConfig]; root of factory hierarchy
15:19:15.652 [main] DEBUG org.springframework.beans.factory.support.DefaultListableBeanFactory - Registering scope 'request' with implementation [org.springframework.web.context.request.RequestScope@51e8d066]
15:19:15.652 [main] DEBUG org.springframework.beans.factory.support.DefaultListableBeanFactory - Registering scope 'session' with implementation [org.springframework.web.context.request.SessionScope@5333f08f]
15:19:15.652 [main] DEBUG org.springframework.beans.factory.support.DefaultListableBeanFactory - Registering scope 'application' with implementation [org.springframework.web.context.support.ServletContextScope@27898e13]
15:19:15.652 [main] DEBUG org.springframework.beans.factory.support.DefaultListableBeanFactory - Creating shared instance of singleton bean 'org.springframework.context.annotation.internalConfigurationAnnotationProcessor'
15:19:15.652 [main] DEBUG org.springframework.beans.factory.support.DefaultListableBeanFactory - Creating instance of bean 'org.springframework.context.annotation.internalConfigurationAnnotationProcessor'
15:19:15.652 [main] DEBUG org.springframework.beans.factory.support.DefaultListableBeanFactory - Eagerly caching bean 'org.springframework.context.annotation.internalConfigurationAnnotationProcessor' to allow for resolving potential circular references
15:19:15.652 [main] DEBUG org.springframework.beans.factory.support.DefaultListableBeanFactory - Finished creating instance of bean 'org.springframework.context.annotation.internalConfigurationAnnotationProcessor'
15:19:15.653 [main] TRACE org.springframework.core.io.support.PathMatchingResourcePatternResolver - Resolved classpath location [com/soft/controller/] to resources [URL [file:/home/mihail/programs/project_mvn/eShop/eShop_repo/eshop/target/test-classes/com/soft/controller/], URL [file:/home/mihail/programs/project_mvn/eShop/eShop_repo/eshop/target/classes/com/soft/controller/]]
15:19:15.654 [main] TRACE org.springframework.core.io.support.PathMatchingResourcePatternResolver - Looking for matching resources in directory tree [/home/mihail/programs/project_mvn/eShop/eShop_repo/eshop/target/test-classes/com/soft/controller]
15:19:15.654 [main] TRACE org.springframework.core.io.support.PathMatchingResourcePatternResolver - Searching directory [/home/mihail/programs/project_mvn/eShop/eShop_repo/eshop/target/test-classes/com/soft/controller] for files matching pattern [/home/mihail/programs/project_mvn/eShop/eShop_repo/eshop/target/test-classes/com/soft/controller/**/*.class]
15:19:15.660 [main] TRACE org.springframework.core.io.support.PathMatchingResourcePatternResolver - Looking for matching resources in directory tree [/home/mihail/programs/project_mvn/eShop/eShop_repo/eshop/target/classes/com/soft/controller]
15:19:15.660 [main] TRACE org.springframework.core.io.support.PathMatchingResourcePatternResolver - Searching directory [/home/mihail/programs/project_mvn/eShop/eShop_repo/eshop/target/classes/com/soft/controller] for files matching pattern [/home/mihail/programs/project_mvn/eShop/eShop_repo/eshop/target/classes/com/soft/controller/**/*.class]
15:19:15.660 [main] TRACE org.springframework.core.io.support.PathMatchingResourcePatternResolver - Resolved location pattern [classpath*:com/soft/controller/**/*.class] to resources [file [/home/mihail/programs/project_mvn/eShop/eShop_repo/eshop/target/test-classes/com/soft/controller/EshopControllerTest.class], file [/home/mihail/programs/project_mvn/eShop/eShop_repo/eshop/target/classes/com/soft/controller/EshopController.class]]
15:19:15.660 [main] TRACE org.springframework.context.annotation.ClassPathBeanDefinitionScanner - Scanning file [/home/mihail/programs/project_mvn/eShop/eShop_repo/eshop/target/test-classes/com/soft/controller/EshopControllerTest.class]
15:19:15.660 [main] TRACE org.springframework.context.annotation.ClassPathBeanDefinitionScanner - Ignored because not matching any filter: file [/home/mihail/programs/project_mvn/eShop/eShop_repo/eshop/target/test-classes/com/soft/controller/EshopControllerTest.class]
15:19:15.660 [main] TRACE org.springframework.context.annotation.ClassPathBeanDefinitionScanner - Scanning file [/home/mihail/programs/project_mvn/eShop/eShop_repo/eshop/target/classes/com/soft/controller/EshopController.class]
15:19:15.660 [main] DEBUG org.springframework.context.annotation.ClassPathBeanDefinitionScanner - Identified candidate component class: file [/home/mihail/programs/project_mvn/eShop/eShop_repo/eshop/target/classes/com/soft/controller/EshopController.class]
15:19:15.663 [main] DEBUG org.springframework.context.annotation.ConfigurationClassBeanDefinitionReader - Registering bean definition for @Bean method com.soft.configuration.TestConfig.getViewResolver()
15:19:15.665 [main] DEBUG org.springframework.context.annotation.ConfigurationClassEnhancer - Successfully enhanced com.soft.configuration.TestConfig; enhanced class name is: com.soft.configuration.TestConfig$$EnhancerBySpringCGLIB$$aebc8b48
15:19:15.665 [main] DEBUG org.springframework.context.annotation.ConfigurationClassPostProcessor - Replacing bean definition 'testConfig' existing class 'com.soft.configuration.TestConfig' with enhanced class 'com.soft.configuration.TestConfig$$EnhancerBySpringCGLIB$$aebc8b48'
15:19:15.666 [main] DEBUG org.springframework.beans.factory.support.DefaultListableBeanFactory - Creating shared instance of singleton bean 'org.springframework.context.annotation.internalAutowiredAnnotationProcessor'
15:19:15.666 [main] DEBUG org.springframework.beans.factory.support.DefaultListableBeanFactory - Creating instance of bean 'org.springframework.context.annotation.internalAutowiredAnnotationProcessor'
15:19:15.666 [main] DEBUG org.springframework.beans.factory.support.DefaultListableBeanFactory - Eagerly caching bean 'org.springframework.context.annotation.internalAutowiredAnnotationProcessor' to allow for resolving potential circular references
15:19:15.666 [main] TRACE org.springframework.beans.CachedIntrospectionResults - Getting BeanInfo for class [org.springframework.beans.factory.annotation.AutowiredAnnotationBeanPostProcessor]
15:19:15.666 [main] TRACE org.springframework.beans.CachedIntrospectionResults - Caching PropertyDescriptors for class [org.springframework.beans.factory.annotation.AutowiredAnnotationBeanPostProcessor]
15:19:15.666 [main] TRACE org.springframework.beans.CachedIntrospectionResults - Found bean property 'autowiredAnnotationType' of type [java.lang.Class]
15:19:15.666 [main] TRACE org.springframework.beans.CachedIntrospectionResults - Found bean property 'autowiredAnnotationTypes' of type [java.util.Set]
15:19:15.666 [main] TRACE org.springframework.beans.CachedIntrospectionResults - Found bean property 'beanFactory' of type [org.springframework.beans.factory.BeanFactory]
15:19:15.666 [main] TRACE org.springframework.beans.CachedIntrospectionResults - Found bean property 'class' of type [java.lang.Class]
15:19:15.666 [main] TRACE org.springframework.beans.CachedIntrospectionResults - Found bean property 'order' of type [int]
15:19:15.666 [main] TRACE org.springframework.beans.CachedIntrospectionResults - Found bean property 'requiredParameterName' of type [java.lang.String]
15:19:15.684 [main] TRACE org.springframework.beans.CachedIntrospectionResults - Found bean property 'requiredParameterValue' of type [boolean]
15:19:15.694 [main] DEBUG org.springframework.beans.factory.support.DefaultListableBeanFactory - Finished creating instance of bean 'org.springframework.context.annotation.internalAutowiredAnnotationProcessor'
15:19:15.694 [main] DEBUG org.springframework.beans.factory.support.DefaultListableBeanFactory - Creating shared instance of singleton bean 'org.springframework.context.annotation.internalRequiredAnnotationProcessor'
15:19:15.694 [main] DEBUG org.springframework.beans.factory.support.DefaultListableBeanFactory - Creating instance of bean 'org.springframework.context.annotation.internalRequiredAnnotationProcessor'
15:19:15.694 [main] DEBUG org.springframework.beans.factory.support.DefaultListableBeanFactory - Eagerly caching bean 'org.springframework.context.annotation.internalRequiredAnnotationProcessor' to allow for resolving potential circular references
15:19:15.694 [main] TRACE org.springframework.beans.CachedIntrospectionResults - Getting BeanInfo for class [org.springframework.beans.factory.annotation.RequiredAnnotationBeanPostProcessor]
15:19:15.694 [main] TRACE org.springframework.beans.CachedIntrospectionResults - Caching PropertyDescriptors for class [org.springframework.beans.factory.annotation.RequiredAnnotationBeanPostProcessor]
15:19:15.694 [main] TRACE org.springframework.beans.CachedIntrospectionResults - Found bean property 'beanFactory' of type [org.springframework.beans.factory.BeanFactory]
15:19:15.694 [main] TRACE org.springframework.beans.CachedIntrospectionResults - Found bean property 'class' of type [java.lang.Class]
15:19:15.695 [main] TRACE org.springframework.beans.CachedIntrospectionResults - Found bean property 'order' of type [int]
15:19:15.695 [main] TRACE org.springframework.beans.CachedIntrospectionResults - Found bean property 'requiredAnnotationType' of type [java.lang.Class]
15:19:15.696 [main] DEBUG org.springframework.beans.factory.support.DefaultListableBeanFactory - Finished creating instance of bean 'org.springframework.context.annotation.internalRequiredAnnotationProcessor'
15:19:15.696 [main] DEBUG org.springframework.beans.factory.support.DefaultListableBeanFactory - Creating shared instance of singleton bean 'org.springframework.context.annotation.internalCommonAnnotationProcessor'
15:19:15.696 [main] DEBUG org.springframework.beans.factory.support.DefaultListableBeanFactory - Creating instance of bean 'org.springframework.context.annotation.internalCommonAnnotationProcessor'
15:19:15.696 [main] DEBUG org.springframework.beans.factory.support.DefaultListableBeanFactory - Eagerly caching bean 'org.springframework.context.annotation.internalCommonAnnotationProcessor' to allow for resolving potential circular references
15:19:15.696 [main] TRACE org.springframework.beans.CachedIntrospectionResults - Getting BeanInfo for class [org.springframework.context.annotation.CommonAnnotationBeanPostProcessor]
15:19:15.696 [main] TRACE org.springframework.beans.CachedIntrospectionResults - Caching PropertyDescriptors for class [org.springframework.context.annotation.CommonAnnotationBeanPostProcessor]
15:19:15.696 [main] TRACE org.springframework.beans.CachedIntrospectionResults - Found bean property 'alwaysUseJndiLookup' of type [boolean]
15:19:15.696 [main] TRACE org.springframework.beans.CachedIntrospectionResults - Found bean property 'beanFactory' of type [org.springframework.beans.factory.BeanFactory]
15:19:15.696 [main] TRACE org.springframework.beans.CachedIntrospectionResults - Found bean property 'class' of type [java.lang.Class]
15:19:15.696 [main] TRACE org.springframework.beans.CachedIntrospectionResults - Found bean property 'destroyAnnotationType' of type [java.lang.Class]
15:19:15.696 [main] TRACE org.springframework.beans.CachedIntrospectionResults - Found bean property 'fallbackToDefaultTypeMatch' of type [boolean]
15:19:15.696 [main] TRACE org.springframework.beans.CachedIntrospectionResults - Found bean property 'initAnnotationType' of type [java.lang.Class]
15:19:15.696 [main] TRACE org.springframework.beans.CachedIntrospectionResults - Found bean property 'jndiFactory' of type [org.springframework.beans.factory.BeanFactory]
15:19:15.696 [main] TRACE org.springframework.beans.CachedIntrospectionResults - Found bean property 'order' of type [int]
15:19:15.696 [main] TRACE org.springframework.beans.CachedIntrospectionResults - Found bean property 'resourceFactory' of type [org.springframework.beans.factory.BeanFactory]
15:19:15.698 [main] DEBUG org.springframework.beans.factory.support.DefaultListableBeanFactory - Finished creating instance of bean 'org.springframework.context.annotation.internalCommonAnnotationProcessor'
15:19:15.698 [main] DEBUG org.springframework.beans.factory.support.DefaultListableBeanFactory - Creating shared instance of singleton bean 'org.springframework.context.annotation.internalPersistenceAnnotationProcessor'
15:19:15.698 [main] DEBUG org.springframework.beans.factory.support.DefaultListableBeanFactory - Creating instance of bean 'org.springframework.context.annotation.internalPersistenceAnnotationProcessor'
15:19:15.698 [main] DEBUG org.springframework.beans.factory.support.DefaultListableBeanFactory - Eagerly caching bean 'org.springframework.context.annotation.internalPersistenceAnnotationProcessor' to allow for resolving potential circular references
15:19:15.698 [main] TRACE org.springframework.beans.CachedIntrospectionResults - Getting BeanInfo for class [org.springframework.orm.jpa.support.PersistenceAnnotationBeanPostProcessor]
15:19:15.698 [main] TRACE org.springframework.beans.CachedIntrospectionResults - Caching PropertyDescriptors for class [org.springframework.orm.jpa.support.PersistenceAnnotationBeanPostProcessor]
15:19:15.698 [main] TRACE org.springframework.beans.CachedIntrospectionResults - Found bean property 'beanFactory' of type [org.springframework.beans.factory.BeanFactory]
15:19:15.698 [main] TRACE org.springframework.beans.CachedIntrospectionResults - Found bean property 'class' of type [java.lang.Class]
15:19:15.698 [main] TRACE org.springframework.beans.CachedIntrospectionResults - Found bean property 'defaultPersistenceUnitName' of type [java.lang.String]
15:19:15.698 [main] TRACE org.springframework.beans.CachedIntrospectionResults - Found bean property 'extendedPersistenceContexts' of type [java.util.Map]
15:19:15.698 [main] TRACE org.springframework.beans.CachedIntrospectionResults - Found bean property 'jndiEnvironment' of type [java.util.Properties]
15:19:15.698 [main] TRACE org.springframework.beans.CachedIntrospectionResults - Found bean property 'jndiTemplate' of type [java.lang.Object]
15:19:15.698 [main] TRACE org.springframework.beans.CachedIntrospectionResults - Found bean property 'order' of type [int]
15:19:15.698 [main] TRACE org.springframework.beans.CachedIntrospectionResults - Found bean property 'persistenceContexts' of type [java.util.Map]
15:19:15.698 [main] TRACE org.springframework.beans.CachedIntrospectionResults - Found bean property 'persistenceUnits' of type [java.util.Map]
15:19:15.698 [main] TRACE org.springframework.beans.CachedIntrospectionResults - Found bean property 'resourceRef' of type [boolean]
15:19:15.699 [main] DEBUG org.springframework.beans.factory.support.DefaultListableBeanFactory - Finished creating instance of bean 'org.springframework.context.annotation.internalPersistenceAnnotationProcessor'
15:19:15.700 [main] DEBUG org.springframework.web.context.support.GenericWebApplicationContext - Unable to locate MessageSource with name 'messageSource': using default [org.springframework.context.support.DelegatingMessageSource@2365ea38]
15:19:15.700 [main] DEBUG org.springframework.web.context.support.GenericWebApplicationContext - Unable to locate ApplicationEventMulticaster with name 'applicationEventMulticaster': using default [org.springframework.context.event.SimpleApplicationEventMulticaster@cbf1997]
15:19:15.700 [main] DEBUG org.springframework.ui.context.support.UiApplicationContextUtils - Unable to locate ThemeSource with name 'themeSource': using default [org.springframework.ui.context.support.ResourceBundleThemeSource@49232c6f]
15:19:15.700 [main] DEBUG org.springframework.beans.factory.support.DefaultListableBeanFactory - Pre-instantiating singletons in org.springframework.beans.factory.support.DefaultListableBeanFactory@111cba40: defining beans [org.springframework.context.annotation.internalConfigurationAnnotationProcessor,org.springframework.context.annotation.internalAutowiredAnnotationProcessor,org.springframework.context.annotation.internalRequiredAnnotationProcessor,org.springframework.context.annotation.internalCommonAnnotationProcessor,org.springframework.context.annotation.internalPersistenceAnnotationProcessor,org.springframework.context.event.internalEventListenerProcessor,org.springframework.context.event.internalEventListenerFactory,testConfig,eshopController,getViewResolver]; root of factory hierarchy
15:19:15.700 [main] DEBUG org.springframework.beans.factory.support.DefaultListableBeanFactory - Returning cached instance of singleton bean 'org.springframework.context.annotation.internalConfigurationAnnotationProcessor'
15:19:15.700 [main] DEBUG org.springframework.beans.factory.support.DefaultListableBeanFactory - Returning cached instance of singleton bean 'org.springframework.context.annotation.internalAutowiredAnnotationProcessor'
15:19:15.700 [main] DEBUG org.springframework.beans.factory.support.DefaultListableBeanFactory - Returning cached instance of singleton bean 'org.springframework.context.annotation.internalRequiredAnnotationProcessor'
15:19:15.700 [main] DEBUG org.springframework.beans.factory.support.DefaultListableBeanFactory - Returning cached instance of singleton bean 'org.springframework.context.annotation.internalCommonAnnotationProcessor'
15:19:15.700 [main] DEBUG org.springframework.beans.factory.support.DefaultListableBeanFactory - Returning cached instance of singleton bean 'org.springframework.context.annotation.internalPersistenceAnnotationProcessor'
15:19:15.700 [main] DEBUG org.springframework.beans.factory.support.DefaultListableBeanFactory - Creating shared instance of singleton bean 'org.springframework.context.event.internalEventListenerProcessor'
15:19:15.700 [main] DEBUG org.springframework.beans.factory.support.DefaultListableBeanFactory - Creating instance of bean 'org.springframework.context.event.internalEventListenerProcessor'
15:19:15.701 [main] DEBUG org.springframework.beans.factory.support.DefaultListableBeanFactory - Eagerly caching bean 'org.springframework.context.event.internalEventListenerProcessor' to allow for resolving potential circular references
15:19:15.701 [main] TRACE org.springframework.beans.CachedIntrospectionResults - Getting BeanInfo for class [org.springframework.context.event.EventListenerMethodProcessor]
15:19:15.701 [main] TRACE org.springframework.beans.CachedIntrospectionResults - Caching PropertyDescriptors for class [org.springframework.context.event.EventListenerMethodProcessor]
15:19:15.701 [main] TRACE org.springframework.beans.CachedIntrospectionResults - Found bean property 'applicationContext' of type [org.springframework.context.ApplicationContext]
15:19:15.701 [main] TRACE org.springframework.beans.CachedIntrospectionResults - Found bean property 'class' of type [java.lang.Class]
15:19:15.702 [main] DEBUG org.springframework.beans.factory.support.DefaultListableBeanFactory - Finished creating instance of bean 'org.springframework.context.event.internalEventListenerProcessor'
15:19:15.702 [main] DEBUG org.springframework.beans.factory.support.DefaultListableBeanFactory - Creating shared instance of singleton bean 'org.springframework.context.event.internalEventListenerFactory'
15:19:15.702 [main] DEBUG org.springframework.beans.factory.support.DefaultListableBeanFactory - Creating instance of bean 'org.springframework.context.event.internalEventListenerFactory'
15:19:15.708 [main] DEBUG org.springframework.beans.factory.support.DefaultListableBeanFactory - Eagerly caching bean 'org.springframework.context.event.internalEventListenerFactory' to allow for resolving potential circular references
15:19:15.708 [main] TRACE org.springframework.beans.CachedIntrospectionResults - Getting BeanInfo for class [org.springframework.context.event.DefaultEventListenerFactory]
15:19:15.708 [main] TRACE org.springframework.beans.CachedIntrospectionResults - Caching PropertyDescriptors for class [org.springframework.context.event.DefaultEventListenerFactory]
15:19:15.708 [main] TRACE org.springframework.beans.CachedIntrospectionResults - Found bean property 'class' of type [java.lang.Class]
15:19:15.708 [main] TRACE org.springframework.beans.CachedIntrospectionResults - Found bean property 'order' of type [int]
15:19:15.709 [main] DEBUG org.springframework.beans.factory.support.DefaultListableBeanFactory - Finished creating instance of bean 'org.springframework.context.event.internalEventListenerFactory'
15:19:15.709 [main] DEBUG org.springframework.beans.factory.support.DefaultListableBeanFactory - Creating shared instance of singleton bean 'testConfig'
15:19:15.709 [main] DEBUG org.springframework.beans.factory.support.DefaultListableBeanFactory - Creating instance of bean 'testConfig'
15:19:15.709 [main] DEBUG org.springframework.beans.factory.support.DefaultListableBeanFactory - Eagerly caching bean 'testConfig' to allow for resolving potential circular references
15:19:15.709 [main] TRACE org.springframework.beans.CachedIntrospectionResults - Getting BeanInfo for class [com.soft.configuration.TestConfig$$EnhancerBySpringCGLIB$$aebc8b48]
15:19:15.710 [main] TRACE org.springframework.beans.CachedIntrospectionResults - Caching PropertyDescriptors for class [com.soft.configuration.TestConfig$$EnhancerBySpringCGLIB$$aebc8b48]
15:19:15.711 [main] TRACE org.springframework.beans.CachedIntrospectionResults - Found bean property 'beanFactory' of type [org.springframework.beans.factory.BeanFactory]
15:19:15.711 [main] TRACE org.springframework.beans.CachedIntrospectionResults - Found bean property 'class' of type [java.lang.Class]
15:19:15.711 [main] TRACE org.springframework.beans.CachedIntrospectionResults - Found bean property 'viewResolver' of type [org.springframework.web.servlet.ViewResolver]
15:19:15.711 [main] DEBUG org.springframework.beans.factory.support.DefaultListableBeanFactory - Finished creating instance of bean 'testConfig'
15:19:15.711 [main] DEBUG org.springframework.beans.factory.support.DefaultListableBeanFactory - Creating shared instance of singleton bean 'eshopController'
15:19:15.711 [main] DEBUG org.springframework.beans.factory.support.DefaultListableBeanFactory - Creating instance of bean 'eshopController'
15:19:15.711 [main] DEBUG org.springframework.beans.factory.annotation.InjectionMetadata - Registered injected element on class [com.soft.controller.EshopController]: AutowiredFieldElement for private com.soft.dao.EshopDAOImpl com.soft.controller.EshopController.eshopDaoImpl
15:19:15.711 [main] DEBUG org.springframework.beans.factory.support.DefaultListableBeanFactory - Eagerly caching bean 'eshopController' to allow for resolving potential circular references
15:19:15.711 [main] TRACE org.springframework.beans.CachedIntrospectionResults - Getting BeanInfo for class [com.soft.controller.EshopController]
15:19:15.711 [main] TRACE org.springframework.beans.CachedIntrospectionResults - Caching PropertyDescriptors for class [com.soft.controller.EshopController]
15:19:15.712 [main] TRACE org.springframework.beans.CachedIntrospectionResults - Found bean property 'class' of type [java.lang.Class]
15:19:15.712 [main] DEBUG org.springframework.beans.factory.annotation.InjectionMetadata - Processing injected element of bean 'eshopController': AutowiredFieldElement for private com.soft.dao.EshopDAOImpl com.soft.controller.EshopController.eshopDaoImpl
15:19:15.713 [main] WARN  org.springframework.web.context.support.GenericWebApplicationContext - Exception encountered during context initialization - cancelling refresh attempt: org.springframework.beans.factory.UnsatisfiedDependencyException: Error creating bean with name 'eshopController': Unsatisfied dependency expressed through field 'eshopDaoImpl'; nested exception is org.springframework.beans.factory.NoSuchBeanDefinitionException: No qualifying bean of type 'com.soft.dao.EshopDAOImpl' available: expected at least 1 bean which qualifies as autowire candidate. Dependency annotations: {@org.springframework.beans.factory.annotation.Autowired(required=true)}
15:19:15.713 [main] DEBUG org.springframework.beans.factory.support.DefaultListableBeanFactory - Destroying singletons in org.springframework.beans.factory.support.DefaultListableBeanFactory@111cba40: defining beans [org.springframework.context.annotation.internalConfigurationAnnotationProcessor,org.springframework.context.annotation.internalAutowiredAnnotationProcessor,org.springframework.context.annotation.internalRequiredAnnotationProcessor,org.springframework.context.annotation.internalCommonAnnotationProcessor,org.springframework.context.annotation.internalPersistenceAnnotationProcessor,org.springframework.context.event.internalEventListenerProcessor,org.springframework.context.event.internalEventListenerFactory,testConfig,eshopController,getViewResolver]; root of factory hierarchy
15:19:15.713 [main] ERROR org.springframework.test.context.TestContextManager - Caught exception while allowing TestExecutionListener [org.springframework.test.context.web.ServletTestExecutionListener@60591e1b] to prepare test instance [com.soft.controller.EshopControllerTest@4f2ac7e0]
java.lang.IllegalStateException: Failed to load ApplicationContext
	at org.springframework.test.context.cache.DefaultCacheAwareContextLoaderDelegate.loadContext(DefaultCacheAwareContextLoaderDelegate.java:132) ~[spring-test-5.2.3.RELEASE.jar:5.2.3.RELEASE]
	at org.springframework.test.context.support.DefaultTestContext.getApplicationContext(DefaultTestContext.java:123) ~[spring-test-5.2.3.RELEASE.jar:5.2.3.RELEASE]
	at org.springframework.test.context.web.ServletTestExecutionListener.setUpRequestContextIfNecessary(ServletTestExecutionListener.java:190) ~[spring-test-5.2.3.RELEASE.jar:5.2.3.RELEASE]
	at org.springframework.test.context.web.ServletTestExecutionListener.prepareTestInstance(ServletTestExecutionListener.java:132) ~[spring-test-5.2.3.RELEASE.jar:5.2.3.RELEASE]
	at org.springframework.test.context.TestContextManager.prepareTestInstance(TestContextManager.java:244) ~[spring-test-5.2.3.RELEASE.jar:5.2.3.RELEASE]
	at org.springframework.test.context.junit.jupiter.SpringExtension.postProcessTestInstance(SpringExtension.java:98) ~[spring-test-5.2.3.RELEASE.jar:5.2.3.RELEASE]
	at org.junit.jupiter.engine.descriptor.ClassBasedTestDescriptor.lambda$invokeTestInstancePostProcessors$5(ClassBasedTestDescriptor.java:341) ~[junit-jupiter-engine-5.6.0.jar:5.6.0]
	at org.junit.jupiter.engine.descriptor.ClassBasedTestDescriptor.executeAndMaskThrowable(ClassBasedTestDescriptor.java:346) ~[junit-jupiter-engine-5.6.0.jar:5.6.0]
	at org.junit.jupiter.engine.descriptor.ClassBasedTestDescriptor.lambda$invokeTestInstancePostProcessors$6(ClassBasedTestDescriptor.java:341) ~[junit-jupiter-engine-5.6.0.jar:5.6.0]
	at java.util.stream.ReferencePipeline$3$1.accept(ReferencePipeline.java:193) ~[?:1.8.0_211]
	at java.util.stream.ReferencePipeline$2$1.accept(ReferencePipeline.java:175) ~[?:1.8.0_211]
	at java.util.ArrayList$ArrayListSpliterator.forEachRemaining(ArrayList.java:1382) ~[?:1.8.0_211]
	at java.util.stream.AbstractPipeline.copyInto(AbstractPipeline.java:481) ~[?:1.8.0_211]
	at java.util.stream.AbstractPipeline.wrapAndCopyInto(AbstractPipeline.java:471) ~[?:1.8.0_211]
	at java.util.stream.StreamSpliterators$WrappingSpliterator.forEachRemaining(StreamSpliterators.java:312) ~[?:1.8.0_211]
	at java.util.stream.Streams$ConcatSpliterator.forEachRemaining(Streams.java:743) ~[?:1.8.0_211]
	at java.util.stream.Streams$ConcatSpliterator.forEachRemaining(Streams.java:742) ~[?:1.8.0_211]
	at java.util.stream.ReferencePipeline$Head.forEach(ReferencePipeline.java:580) ~[?:1.8.0_211]
	at org.junit.jupiter.engine.descriptor.ClassBasedTestDescriptor.invokeTestInstancePostProcessors(ClassBasedTestDescriptor.java:340) ~[junit-jupiter-engine-5.6.0.jar:5.6.0]
	at org.junit.jupiter.engine.descriptor.ClassBasedTestDescriptor.instantiateAndPostProcessTestInstance(ClassBasedTestDescriptor.java:263) ~[junit-jupiter-engine-5.6.0.jar:5.6.0]
	at org.junit.jupiter.engine.descriptor.ClassBasedTestDescriptor.lambda$testInstancesProvider$2(ClassBasedTestDescriptor.java:256) ~[junit-jupiter-engine-5.6.0.jar:5.6.0]
	at java.util.Optional.orElseGet(Optional.java:267) ~[?:1.8.0_211]
	at org.junit.jupiter.engine.descriptor.ClassBasedTestDescriptor.lambda$testInstancesProvider$3(ClassBasedTestDescriptor.java:255) ~[junit-jupiter-engine-5.6.0.jar:5.6.0]
	at org.junit.jupiter.engine.execution.TestInstancesProvider.getTestInstances(TestInstancesProvider.java:29) ~[junit-jupiter-engine-5.6.0.jar:5.6.0]
	at org.junit.jupiter.engine.descriptor.TestMethodTestDescriptor.lambda$prepare$0(TestMethodTestDescriptor.java:108) ~[junit-jupiter-engine-5.6.0.jar:5.6.0]
	at org.junit.platform.engine.support.hierarchical.ThrowableCollector.execute(ThrowableCollector.java:73) ~[junit-platform-engine-1.6.0.jar:1.6.0]
	at org.junit.jupiter.engine.descriptor.TestMethodTestDescriptor.prepare(TestMethodTestDescriptor.java:107) ~[junit-jupiter-engine-5.6.0.jar:5.6.0]
	at org.junit.jupiter.engine.descriptor.TestMethodTestDescriptor.prepare(TestMethodTestDescriptor.java:71) ~[junit-jupiter-engine-5.6.0.jar:5.6.0]
	at org.junit.platform.engine.support.hierarchical.NodeTestTask.lambda$prepare$1(NodeTestTask.java:107) ~[junit-platform-engine-1.6.0.jar:1.6.0]
	at org.junit.platform.engine.support.hierarchical.ThrowableCollector.execute(ThrowableCollector.java:73) ~[junit-platform-engine-1.6.0.jar:1.6.0]
	at org.junit.platform.engine.support.hierarchical.NodeTestTask.prepare(NodeTestTask.java:107) ~[junit-platform-engine-1.6.0.jar:1.6.0]
	at org.junit.platform.engine.support.hierarchical.NodeTestTask.execute(NodeTestTask.java:75) ~[junit-platform-engine-1.6.0.jar:1.6.0]
	at java.util.ArrayList.forEach(ArrayList.java:1257) ~[?:1.8.0_211]
	at org.junit.platform.engine.support.hierarchical.SameThreadHierarchicalTestExecutorService.invokeAll(SameThreadHierarchicalTestExecutorService.java:38) ~[junit-platform-engine-1.6.0.jar:1.6.0]
	at org.junit.platform.engine.support.hierarchical.NodeTestTask.lambda$executeRecursively$5(NodeTestTask.java:139) ~[junit-platform-engine-1.6.0.jar:1.6.0]
	at org.junit.platform.engine.support.hierarchical.ThrowableCollector.execute(ThrowableCollector.java:73) ~[junit-platform-engine-1.6.0.jar:1.6.0]
	at org.junit.platform.engine.support.hierarchical.NodeTestTask.lambda$executeRecursively$7(NodeTestTask.java:125) ~[junit-platform-engine-1.6.0.jar:1.6.0]
	at org.junit.platform.engine.support.hierarchical.Node.around(Node.java:135) ~[junit-platform-engine-1.6.0.jar:1.6.0]
	at org.junit.platform.engine.support.hierarchical.NodeTestTask.lambda$executeRecursively$8(NodeTestTask.java:123) ~[junit-platform-engine-1.6.0.jar:1.6.0]
	at org.junit.platform.engine.support.hierarchical.ThrowableCollector.execute(ThrowableCollector.java:73) ~[junit-platform-engine-1.6.0.jar:1.6.0]
	at org.junit.platform.engine.support.hierarchical.NodeTestTask.executeRecursively(NodeTestTask.java:122) ~[junit-platform-engine-1.6.0.jar:1.6.0]
	at org.junit.platform.engine.support.hierarchical.NodeTestTask.execute(NodeTestTask.java:80) ~[junit-platform-engine-1.6.0.jar:1.6.0]
	at java.util.ArrayList.forEach(ArrayList.java:1257) ~[?:1.8.0_211]
	at org.junit.platform.engine.support.hierarchical.SameThreadHierarchicalTestExecutorService.invokeAll(SameThreadHierarchicalTestExecutorService.java:38) ~[junit-platform-engine-1.6.0.jar:1.6.0]
	at org.junit.platform.engine.support.hierarchical.NodeTestTask.lambda$executeRecursively$5(NodeTestTask.java:139) ~[junit-platform-engine-1.6.0.jar:1.6.0]
	at org.junit.platform.engine.support.hierarchical.ThrowableCollector.execute(ThrowableCollector.java:73) ~[junit-platform-engine-1.6.0.jar:1.6.0]
	at org.junit.platform.engine.support.hierarchical.NodeTestTask.lambda$executeRecursively$7(NodeTestTask.java:125) ~[junit-platform-engine-1.6.0.jar:1.6.0]
	at org.junit.platform.engine.support.hierarchical.Node.around(Node.java:135) ~[junit-platform-engine-1.6.0.jar:1.6.0]
	at org.junit.platform.engine.support.hierarchical.NodeTestTask.lambda$executeRecursively$8(NodeTestTask.java:123) ~[junit-platform-engine-1.6.0.jar:1.6.0]
	at org.junit.platform.engine.support.hierarchical.ThrowableCollector.execute(ThrowableCollector.java:73) [junit-platform-engine-1.6.0.jar:1.6.0]
	at org.junit.platform.engine.support.hierarchical.NodeTestTask.executeRecursively(NodeTestTask.java:122) [junit-platform-engine-1.6.0.jar:1.6.0]
	at org.junit.platform.engine.support.hierarchical.NodeTestTask.execute(NodeTestTask.java:80) [junit-platform-engine-1.6.0.jar:1.6.0]
	at org.junit.platform.engine.support.hierarchical.SameThreadHierarchicalTestExecutorService.submit(SameThreadHierarchicalTestExecutorService.java:32) [junit-platform-engine-1.6.0.jar:1.6.0]
	at org.junit.platform.engine.support.hierarchical.HierarchicalTestExecutor.execute(HierarchicalTestExecutor.java:57) [junit-platform-engine-1.6.0.jar:1.6.0]
	at org.junit.platform.engine.support.hierarchical.HierarchicalTestEngine.execute(HierarchicalTestEngine.java:51) [junit-platform-engine-1.6.0.jar:1.6.0]
	at org.junit.platform.launcher.core.DefaultLauncher.execute(DefaultLauncher.java:170) [junit-platform-launcher-1.1.0.jar:1.1.0]
	at org.junit.platform.launcher.core.DefaultLauncher.execute(DefaultLauncher.java:154) [junit-platform-launcher-1.1.0.jar:1.1.0]
	at org.junit.platform.launcher.core.DefaultLauncher.execute(DefaultLauncher.java:90) [junit-platform-launcher-1.1.0.jar:1.1.0]
	at org.junit.platform.surefire.provider.JUnitPlatformProvider.invokeAllTests(JUnitPlatformProvider.java:132) [junit-platform-surefire-provider-1.1.0.jar:1.1.0]
	at org.junit.platform.surefire.provider.JUnitPlatformProvider.invoke(JUnitPlatformProvider.java:111) [junit-platform-surefire-provider-1.1.0.jar:1.1.0]
	at org.apache.maven.surefire.booter.ForkedBooter.invokeProviderInSameClassLoader(ForkedBooter.java:290) [surefire-booter-2.19.1.jar:2.19.1]
	at org.apache.maven.surefire.booter.ForkedBooter.runSuitesInProcess(ForkedBooter.java:242) [surefire-booter-2.19.1.jar:2.19.1]
	at org.apache.maven.surefire.booter.ForkedBooter.main(ForkedBooter.java:121) [surefire-booter-2.19.1.jar:2.19.1]
Caused by: org.springframework.beans.factory.UnsatisfiedDependencyException: Error creating bean with name 'eshopController': Unsatisfied dependency expressed through field 'eshopDaoImpl'; nested exception is org.springframework.beans.factory.NoSuchBeanDefinitionException: No qualifying bean of type 'com.soft.dao.EshopDAOImpl' available: expected at least 1 bean which qualifies as autowire candidate. Dependency annotations: {@org.springframework.beans.factory.annotation.Autowired(required=true)}
	at org.springframework.beans.factory.annotation.AutowiredAnnotationBeanPostProcessor$AutowiredFieldElement.inject(AutowiredAnnotationBeanPostProcessor.java:587) ~[spring-beans-5.0.4.RELEASE.jar:5.0.4.RELEASE]
	at org.springframework.beans.factory.annotation.InjectionMetadata.inject(InjectionMetadata.java:91) ~[spring-beans-5.0.4.RELEASE.jar:5.0.4.RELEASE]
	at org.springframework.beans.factory.annotation.AutowiredAnnotationBeanPostProcessor.postProcessPropertyValues(AutowiredAnnotationBeanPostProcessor.java:373) ~[spring-beans-5.0.4.RELEASE.jar:5.0.4.RELEASE]
	at org.springframework.beans.factory.support.AbstractAutowireCapableBeanFactory.populateBean(AbstractAutowireCapableBeanFactory.java:1344) ~[spring-beans-5.0.4.RELEASE.jar:5.0.4.RELEASE]
	at org.springframework.beans.factory.support.AbstractAutowireCapableBeanFactory.doCreateBean(AbstractAutowireCapableBeanFactory.java:582) ~[spring-beans-5.0.4.RELEASE.jar:5.0.4.RELEASE]
	at org.springframework.beans.factory.support.AbstractAutowireCapableBeanFactory.createBean(AbstractAutowireCapableBeanFactory.java:502) ~[spring-beans-5.0.4.RELEASE.jar:5.0.4.RELEASE]
	at org.springframework.beans.factory.support.AbstractBeanFactory.lambda$doGetBean$0(AbstractBeanFactory.java:312) ~[spring-beans-5.0.4.RELEASE.jar:5.0.4.RELEASE]
	at org.springframework.beans.factory.support.DefaultSingletonBeanRegistry.getSingleton(DefaultSingletonBeanRegistry.java:228) ~[spring-beans-5.0.4.RELEASE.jar:5.0.4.RELEASE]
	at org.springframework.beans.factory.support.AbstractBeanFactory.doGetBean(AbstractBeanFactory.java:310) ~[spring-beans-5.0.4.RELEASE.jar:5.0.4.RELEASE]
	at org.springframework.beans.factory.support.AbstractBeanFactory.getBean(AbstractBeanFactory.java:200) ~[spring-beans-5.0.4.RELEASE.jar:5.0.4.RELEASE]
	at org.springframework.beans.factory.support.DefaultListableBeanFactory.preInstantiateSingletons(DefaultListableBeanFactory.java:760) ~[spring-beans-5.0.4.RELEASE.jar:5.0.4.RELEASE]
	at org.springframework.context.support.AbstractApplicationContext.finishBeanFactoryInitialization(AbstractApplicationContext.java:868) ~[spring-context-5.0.4.RELEASE.jar:5.0.4.RELEASE]
	at org.springframework.context.support.AbstractApplicationContext.refresh(AbstractApplicationContext.java:549) ~[spring-context-5.0.4.RELEASE.jar:5.0.4.RELEASE]
	at org.springframework.test.context.web.AbstractGenericWebContextLoader.loadContext(AbstractGenericWebContextLoader.java:129) ~[spring-test-5.2.3.RELEASE.jar:5.2.3.RELEASE]
	at org.springframework.test.context.web.AbstractGenericWebContextLoader.loadContext(AbstractGenericWebContextLoader.java:61) ~[spring-test-5.2.3.RELEASE.jar:5.2.3.RELEASE]
	at org.springframework.test.context.support.AbstractDelegatingSmartContextLoader.delegateLoading(AbstractDelegatingSmartContextLoader.java:275) ~[spring-test-5.2.3.RELEASE.jar:5.2.3.RELEASE]
	at org.springframework.test.context.support.AbstractDelegatingSmartContextLoader.loadContext(AbstractDelegatingSmartContextLoader.java:243) ~[spring-test-5.2.3.RELEASE.jar:5.2.3.RELEASE]
	at org.springframework.test.context.cache.DefaultCacheAwareContextLoaderDelegate.loadContextInternal(DefaultCacheAwareContextLoaderDelegate.java:99) ~[spring-test-5.2.3.RELEASE.jar:5.2.3.RELEASE]
	at org.springframework.test.context.cache.DefaultCacheAwareContextLoaderDelegate.loadContext(DefaultCacheAwareContextLoaderDelegate.java:124) ~[spring-test-5.2.3.RELEASE.jar:5.2.3.RELEASE]
	... 62 more
Caused by: org.springframework.beans.factory.NoSuchBeanDefinitionException: No qualifying bean of type 'com.soft.dao.EshopDAOImpl' available: expected at least 1 bean which qualifies as autowire candidate. Dependency annotations: {@org.springframework.beans.factory.annotation.Autowired(required=true)}
	at org.springframework.beans.factory.support.DefaultListableBeanFactory.raiseNoMatchingBeanFound(DefaultListableBeanFactory.java:1509) ~[spring-beans-5.0.4.RELEASE.jar:5.0.4.RELEASE]
	at org.springframework.beans.factory.support.DefaultListableBeanFactory.doResolveDependency(DefaultListableBeanFactory.java:1104) ~[spring-beans-5.0.4.RELEASE.jar:5.0.4.RELEASE]
	at org.springframework.beans.factory.support.DefaultListableBeanFactory.resolveDependency(DefaultListableBeanFactory.java:1065) ~[spring-beans-5.0.4.RELEASE.jar:5.0.4.RELEASE]
	at org.springframework.beans.factory.annotation.AutowiredAnnotationBeanPostProcessor$AutowiredFieldElement.inject(AutowiredAnnotationBeanPostProcessor.java:584) ~[spring-beans-5.0.4.RELEASE.jar:5.0.4.RELEASE]
	at org.springframework.beans.factory.annotation.InjectionMetadata.inject(InjectionMetadata.java:91) ~[spring-beans-5.0.4.RELEASE.jar:5.0.4.RELEASE]
	at org.springframework.beans.factory.annotation.AutowiredAnnotationBeanPostProcessor.postProcessPropertyValues(AutowiredAnnotationBeanPostProcessor.java:373) ~[spring-beans-5.0.4.RELEASE.jar:5.0.4.RELEASE]
	at org.springframework.beans.factory.support.AbstractAutowireCapableBeanFactory.populateBean(AbstractAutowireCapableBeanFactory.java:1344) ~[spring-beans-5.0.4.RELEASE.jar:5.0.4.RELEASE]
	at org.springframework.beans.factory.support.AbstractAutowireCapableBeanFactory.doCreateBean(AbstractAutowireCapableBeanFactory.java:582) ~[spring-beans-5.0.4.RELEASE.jar:5.0.4.RELEASE]
	at org.springframework.beans.factory.support.AbstractAutowireCapableBeanFactory.createBean(AbstractAutowireCapableBeanFactory.java:502) ~[spring-beans-5.0.4.RELEASE.jar:5.0.4.RELEASE]
	at org.springframework.beans.factory.support.AbstractBeanFactory.lambda$doGetBean$0(AbstractBeanFactory.java:312) ~[spring-beans-5.0.4.RELEASE.jar:5.0.4.RELEASE]
	at org.springframework.beans.factory.support.DefaultSingletonBeanRegistry.getSingleton(DefaultSingletonBeanRegistry.java:228) ~[spring-beans-5.0.4.RELEASE.jar:5.0.4.RELEASE]
	at org.springframework.beans.factory.support.AbstractBeanFactory.doGetBean(AbstractBeanFactory.java:310) ~[spring-beans-5.0.4.RELEASE.jar:5.0.4.RELEASE]
	at org.springframework.beans.factory.support.AbstractBeanFactory.getBean(AbstractBeanFactory.java:200) ~[spring-beans-5.0.4.RELEASE.jar:5.0.4.RELEASE]
	at org.springframework.beans.factory.support.DefaultListableBeanFactory.preInstantiateSingletons(DefaultListableBeanFactory.java:760) ~[spring-beans-5.0.4.RELEASE.jar:5.0.4.RELEASE]
	at org.springframework.context.support.AbstractApplicationContext.finishBeanFactoryInitialization(AbstractApplicationContext.java:868) ~[spring-context-5.0.4.RELEASE.jar:5.0.4.RELEASE]
	at org.springframework.context.support.AbstractApplicationContext.refresh(AbstractApplicationContext.java:549) ~[spring-context-5.0.4.RELEASE.jar:5.0.4.RELEASE]
	at org.springframework.test.context.web.AbstractGenericWebContextLoader.loadContext(AbstractGenericWebContextLoader.java:129) ~[spring-test-5.2.3.RELEASE.jar:5.2.3.RELEASE]
	at org.springframework.test.context.web.AbstractGenericWebContextLoader.loadContext(AbstractGenericWebContextLoader.java:61) ~[spring-test-5.2.3.RELEASE.jar:5.2.3.RELEASE]
	at org.springframework.test.context.support.AbstractDelegatingSmartContextLoader.delegateLoading(AbstractDelegatingSmartContextLoader.java:275) ~[spring-test-5.2.3.RELEASE.jar:5.2.3.RELEASE]
	at org.springframework.test.context.support.AbstractDelegatingSmartContextLoader.loadContext(AbstractDelegatingSmartContextLoader.java:243) ~[spring-test-5.2.3.RELEASE.jar:5.2.3.RELEASE]
	at org.springframework.test.context.cache.DefaultCacheAwareContextLoaderDelegate.loadContextInternal(DefaultCacheAwareContextLoaderDelegate.java:99) ~[spring-test-5.2.3.RELEASE.jar:5.2.3.RELEASE]
	at org.springframework.test.context.cache.DefaultCacheAwareContextLoaderDelegate.loadContext(DefaultCacheAwareContextLoaderDelegate.java:124) ~[spring-test-5.2.3.RELEASE.jar:5.2.3.RELEASE]
	... 62 more
]]></system-out>
  </testcase>
</testsuite>